
>Inicio da execucao
>2023:07:04 11:04:33

>Item 1 de 98 -> CNPJ: 17.516.113/0001-47

>Item 2 de 98 -> CNPJ: 21.154.877/0001-07

>Item 3 de 98 -> CNPJ: 17.516.113/0001-47

>Item 4 de 98 -> CNPJ: 28.799.908/0001-26

>Item 5 de 98 -> CNPJ: 21.727.508/0001-66

>Item 6 de 98 -> CNPJ: 21.154.554/0001-13

>Item 7 de 98 -> CNPJ: 16.866.394/0001-03

>Item 8 de 98 -> CNPJ: 19.701.818/0001-60

>Item 9 de 98 -> CNPJ: 18.715.565/0001-10

>Item 10 de 98 -> CNPJ: 16.745.465/0001-01

>Item 11 de 98 -> CNPJ: 20.971.057/0001-45

>Item 12 de 98 -> CNPJ: 07.256.298/0001-44

>Item 13 de 98 -> CNPJ: 16.907.746/0001-13

>Item 14 de 98 -> CNPJ: 19.377.514/0001-99

>Item 15 de 98 -> CNPJ: 18.715.573/0001-67

>Item 16 de 98 -> CNPJ: 16.695.025/0001-97

>Item 17 de 98 -> CNPJ: 18.715.599/0001-05

>Item 18 de 98 -> CNPJ: 19.138.890/0001-20

>Item 19 de 98 -> CNPJ: 18.715.581/0001-03

>Item 20 de 98 -> CNPJ: 18.715.516/0001-88

>Item 21 de 98 -> CNPJ: 00.957.404/0001-78

>Item 22 de 98 -> CNPJ: 03.389.126/0001-98

>Item 23 de 98 -> CNPJ: 05.599.094/0001-80

>Item 24 de 98 -> CNPJ: 05.487.631/0001-09

>Item 25 de 98 -> CNPJ: 05.465.167/0001-41

>Item 26 de 98 -> CNPJ: 05.475.103/0001-21

>Item 27 de 98 -> CNPJ: 05.461.142/0001-70

>Item 28 de 98 -> CNPJ: 18.715.532/0001-70

>Item 29 de 98 -> CNPJ: 05.585.681/0001-10

>Item 30 de 98 -> CNPJ: 08.715.327/0001-51

>Item 31 de 98 -> CNPJ: 06.151.940/0001-09

>Item 32 de 98 -> CNPJ: 13.235.618.0001-82

>Item 33 de 98 -> CNPJ: 08.631.821/0001-38

>Item 34 de 98 -> CNPJ: 18.715.615/0001-60

>Item 35 de 98 -> CNPJ: 05.461.142/0001-70

>Item 36 de 98 -> CNPJ: 17.217.332/0001-25

>Item 37 de 98 -> CNPJ: 17.255.670/0001-51

>Item 38 de 98 -> CNPJ: 18.746.164/0001-28

>Item 39 de 98 -> CNPJ: 17.444.779/0001-37

>Item 40 de 98 -> CNPJ: 17.387.481/0001-32

>Item 41 de 98 -> CNPJ: 17.486.275/0001-80

>Item 42 de 98 -> CNPJ: 17.309.790/0001-94

>Item 43 de 98 -> CNPJ: 22.675.359/0001-00

>Item 44 de 98 -> CNPJ: 17.322.264/0001-64

>Item 45 de 98 -> CNPJ: 65.172.579/0001-15

>Item 46 de 98 -> CNPJ: 65.179.400/0001-51

>Item 47 de 98 -> CNPJ: 04.888.232/0001-89

>Item 48 de 98 -> CNPJ: 10.745.790/0001-98

>Item 49 de 98 -> CNPJ: 11.099.618/0001-77

>Item 50 de 98 -> CNPJ: 15.438.067/0001-80

>Item 51 de 98 -> CNPJ: 17.464.652/0001-80

>Item 52 de 98 -> CNPJ: 21.949.888/0001-83

>Item 53 de 98 -> CNPJ: 25.455.858/0001-71

>Item 54 de 98 -> CNPJ: 16.789.398/0001-27

>Item 55 de 98 -> CNPJ: 19.169.713/0001-01

>Item 56 de 98 -> CNPJ: 23.070.071/0001-66

>Item 57 de 98 -> CNPJ: 17.498.205/0001-41

>Item 58 de 98 -> CNPJ: 16.625.196/0001-40

>Item 59 de 98 -> CNPJ: 21.229.281/0001-29

>Item 60 de 98 -> CNPJ: 17.503.475/0001-01

>Item 61 de 98 -> CNPJ: 19.843.929/0001-00

>Item 62 de 98 -> CNPJ: 17.319.831/0001-23

>Item 63 de 98 -> CNPJ: 26.388.330/0001-90

>Item 64 de 98 -> CNPJ: 12.252.931/0001-66

>Item 65 de 98 -> CNPJ: 99.999.999/9921-03

>Item 66 de 98 -> CNPJ: 99.999.999/9917-27

>Item 67 de 98 -> CNPJ: 99.999.999/9920-22

>Item 68 de 98 -> CNPJ: 99.999.999/9853-28

>Item 69 de 98 -> CNPJ: 10.398.157/0001-70

>Item 70 de 98 -> CNPJ: 03.133.408/0001-20

>Item 71 de 98 -> CNPJ: 99.999.997/9843-56

>Item 72 de 98 -> CNPJ: 99.999.997/9842-75

>Item 73 de 98 -> CNPJ: 11.206.085.0001-85

>Item 74 de 98 -> CNPJ: 32.384.344/0001-38

>Item 75 de 98 -> CNPJ: 32.384.286/0001-42

>Item 76 de 98 -> CNPJ: 13.252.006/0001-06

>Item 77 de 98 -> CNPJ: 21.390.387.0001-00

>Item 78 de 98 -> CNPJ: 38.486.817/0001-94

>Item 79 de 98 -> CNPJ: 31.662.649/0001-00

>Item 80 de 98 -> CNPJ: 33.396.928/0001-96

>Item 81 de 98 -> CNPJ: 35.682.930/0001-57

>Item 82 de 98 -> CNPJ: 36.253.414/0001-70

>Item 83 de 98 -> CNPJ: 40.004.800/0001-03

>Item 84 de 98 -> CNPJ: 19.198.118/0001-02

>Item 85 de 98 -> CNPJ: 17.138.140/0001-23

>Item 86 de 98 -> CNPJ: 20.234.423/0001-83

>Item 87 de 98 -> CNPJ: 38.486.817/0001-94

>Item 88 de 98 -> CNPJ: 29.768.219/0001-17

>Item 89 de 98 -> CNPJ: 22.261.473/0001-85

>Item 90 de 98 -> CNPJ: 17.161.837/0001-15

>Item 91 de 98 -> CNPJ: 17.281.106/0001-03

>Item 92 de 98 -> CNPJ: 16.636.540/0001-04

>Item 93 de 98 -> CNPJ: 17.155.730/0001-64

>Item 94 de 98 -> CNPJ: 09.104.426/0001-60

>Item 95 de 98 -> CNPJ: 17.398.512/0001-50

>Item 96 de 98 -> CNPJ: 33.224.254/0001-42

>Item 97 de 98 -> CNPJ: 19.296.342/0001-29

>Item 98 de 98 -> CNPJ: 03.919.139/0001-21

>Termino
>2023:07:04 12:36:30
